<?xml version="1.0" encoding="UTF-8"?>
<!-- Generated by org.testng.reporters.JUnitXMLReporter -->
<testsuite hostname="DESKTOP-J4K2E9R" ignored="0" name="Default test" tests="4" failures="0" timestamp="05 Dec 2018 05:26:21 GMT" time="14.225" errors="0">
  <testcase name="SearchLanding" time="3.665" classname="main.SUIT_BasicFlow"/>
  <testcase name="SearchFilter" time="2.206" classname="main.SUIT_BasicFlow"/>
  <testcase name="SearchListOrder" time="8.289" classname="main.SUIT_BasicFlow"/>
  <testcase name="ResultVerifications" time="0.042" classname="main.SUIT_BasicFlow"/>
</testsuite> <!-- Default test -->
